Message[302] C:\USERS\ANGEL\ONEDRIVE\DESKTOP\EXAMEN3.X\EXAMEN3.ASM 27 : Register in operand not in bank 0.  Ensure that bank bits are correct.
Warning[203] C:\USERS\ANGEL\ONEDRIVE\DESKTOP\EXAMEN3.X\EXAMEN3.ASM 58 : Found opcode in column 1. (movlw)
Warning[203] C:\USERS\ANGEL\ONEDRIVE\DESKTOP\EXAMEN3.X\EXAMEN3.ASM 59 : Found opcode in column 1. (movwf)
Warning[203] C:\USERS\ANGEL\ONEDRIVE\DESKTOP\EXAMEN3.X\EXAMEN3.ASM 61 : Found opcode in column 1. (nop)
Warning[203] C:\USERS\ANGEL\ONEDRIVE\DESKTOP\EXAMEN3.X\EXAMEN3.ASM 62 : Found opcode in column 1. (nop)
Warning[203] C:\USERS\ANGEL\ONEDRIVE\DESKTOP\EXAMEN3.X\EXAMEN3.ASM 63 : Found opcode in column 1. (nop)
Warning[203] C:\USERS\ANGEL\ONEDRIVE\DESKTOP\EXAMEN3.X\EXAMEN3.ASM 64 : Found opcode in column 1. (nop)
Warning[203] C:\USERS\ANGEL\ONEDRIVE\DESKTOP\EXAMEN3.X\EXAMEN3.ASM 65 : Found opcode in column 1. (nop)
Warning[203] C:\USERS\ANGEL\ONEDRIVE\DESKTOP\EXAMEN3.X\EXAMEN3.ASM 66 : Found opcode in column 1. (movlw)
Warning[203] C:\USERS\ANGEL\ONEDRIVE\DESKTOP\EXAMEN3.X\EXAMEN3.ASM 67 : Found opcode in column 1. (movwf)
Warning[203] C:\USERS\ANGEL\ONEDRIVE\DESKTOP\EXAMEN3.X\EXAMEN3.ASM 69 : Found opcode in column 1. (nop)
Warning[203] C:\USERS\ANGEL\ONEDRIVE\DESKTOP\EXAMEN3.X\EXAMEN3.ASM 70 : Found opcode in column 1. (movlw)
Warning[203] C:\USERS\ANGEL\ONEDRIVE\DESKTOP\EXAMEN3.X\EXAMEN3.ASM 71 : Found opcode in column 1. (movwf)
Warning[203] C:\USERS\ANGEL\ONEDRIVE\DESKTOP\EXAMEN3.X\EXAMEN3.ASM 73 : Found opcode in column 1. (decfsz)
Warning[203] C:\USERS\ANGEL\ONEDRIVE\DESKTOP\EXAMEN3.X\EXAMEN3.ASM 74 : Found opcode in column 1. (goto)
Warning[203] C:\USERS\ANGEL\ONEDRIVE\DESKTOP\EXAMEN3.X\EXAMEN3.ASM 75 : Found opcode in column 1. (decfsz)
Warning[203] C:\USERS\ANGEL\ONEDRIVE\DESKTOP\EXAMEN3.X\EXAMEN3.ASM 76 : Found opcode in column 1. (goto)
Warning[203] C:\USERS\ANGEL\ONEDRIVE\DESKTOP\EXAMEN3.X\EXAMEN3.ASM 77 : Found opcode in column 1. (decfsz)
Warning[203] C:\USERS\ANGEL\ONEDRIVE\DESKTOP\EXAMEN3.X\EXAMEN3.ASM 78 : Found opcode in column 1. (goto)
Warning[203] C:\USERS\ANGEL\ONEDRIVE\DESKTOP\EXAMEN3.X\EXAMEN3.ASM 79 : Found opcode in column 1. (return)
Warning[203] C:\USERS\ANGEL\ONEDRIVE\DESKTOP\EXAMEN3.X\EXAMEN3.ASM 83 : Found opcode in column 1. (nop)
Warning[203] C:\USERS\ANGEL\ONEDRIVE\DESKTOP\EXAMEN3.X\EXAMEN3.ASM 84 : Found opcode in column 1. (nop)
Warning[203] C:\USERS\ANGEL\ONEDRIVE\DESKTOP\EXAMEN3.X\EXAMEN3.ASM 85 : Found opcode in column 1. (movlw)
Warning[203] C:\USERS\ANGEL\ONEDRIVE\DESKTOP\EXAMEN3.X\EXAMEN3.ASM 86 : Found opcode in column 1. (movwf)
Warning[203] C:\USERS\ANGEL\ONEDRIVE\DESKTOP\EXAMEN3.X\EXAMEN3.ASM 88 : Found opcode in column 1. (nop)
Warning[203] C:\USERS\ANGEL\ONEDRIVE\DESKTOP\EXAMEN3.X\EXAMEN3.ASM 89 : Found opcode in column 1. (nop)
Warning[203] C:\USERS\ANGEL\ONEDRIVE\DESKTOP\EXAMEN3.X\EXAMEN3.ASM 90 : Found opcode in column 1. (nop)
Warning[203] C:\USERS\ANGEL\ONEDRIVE\DESKTOP\EXAMEN3.X\EXAMEN3.ASM 91 : Found opcode in column 1. (nop)
Warning[203] C:\USERS\ANGEL\ONEDRIVE\DESKTOP\EXAMEN3.X\EXAMEN3.ASM 92 : Found opcode in column 1. (nop)
Warning[203] C:\USERS\ANGEL\ONEDRIVE\DESKTOP\EXAMEN3.X\EXAMEN3.ASM 93 : Found opcode in column 1. (movlw)
Warning[203] C:\USERS\ANGEL\ONEDRIVE\DESKTOP\EXAMEN3.X\EXAMEN3.ASM 94 : Found opcode in column 1. (movwf)
Warning[203] C:\USERS\ANGEL\ONEDRIVE\DESKTOP\EXAMEN3.X\EXAMEN3.ASM 96 : Found opcode in column 1. (nop)
Warning[203] C:\USERS\ANGEL\ONEDRIVE\DESKTOP\EXAMEN3.X\EXAMEN3.ASM 97 : Found opcode in column 1. (movlw)
Warning[203] C:\USERS\ANGEL\ONEDRIVE\DESKTOP\EXAMEN3.X\EXAMEN3.ASM 98 : Found opcode in column 1. (movwf)
Warning[203] C:\USERS\ANGEL\ONEDRIVE\DESKTOP\EXAMEN3.X\EXAMEN3.ASM 100 : Found opcode in column 1. (decfsz)
Warning[203] C:\USERS\ANGEL\ONEDRIVE\DESKTOP\EXAMEN3.X\EXAMEN3.ASM 101 : Found opcode in column 1. (goto)
Warning[203] C:\USERS\ANGEL\ONEDRIVE\DESKTOP\EXAMEN3.X\EXAMEN3.ASM 102 : Found opcode in column 1. (decfsz)
Warning[203] C:\USERS\ANGEL\ONEDRIVE\DESKTOP\EXAMEN3.X\EXAMEN3.ASM 103 : Found opcode in column 1. (goto)
Warning[203] C:\USERS\ANGEL\ONEDRIVE\DESKTOP\EXAMEN3.X\EXAMEN3.ASM 104 : Found opcode in column 1. (decfsz)
Warning[203] C:\USERS\ANGEL\ONEDRIVE\DESKTOP\EXAMEN3.X\EXAMEN3.ASM 105 : Found opcode in column 1. (goto)
Warning[203] C:\USERS\ANGEL\ONEDRIVE\DESKTOP\EXAMEN3.X\EXAMEN3.ASM 106 : Found opcode in column 1. (return)
